<?xml version="1.0" encoding="UTF-8"?>
<!-- Generated by org.testng.reporters.JUnitReportReporter -->
<testsuite skipped="0" hostname="BDC4-L-8Y4DZM2" name="com.tests.NewTest3" tests="1" failures="0" timestamp="21 Jan 2019 11:06:51 GMT" time="12.586" errors="0">
  <testcase name="testClearTrip" time="12.586" classname="com.tests.NewTest3"/>
</testsuite> <!-- com.tests.NewTest3 -->
