<?xml version="1.0" encoding="UTF-8"?>
<!-- Generated by org.testng.reporters.JUnitReportReporter -->
<testsuite skipped="0" hostname="BDC4-L-8Y4DZM2" name="com.tests.NewTest5" tests="4" failures="0" timestamp="22 Jan 2019 05:32:43 GMT" time="9.274" errors="0">
  <testcase name="testDemoWebShopLogin" time="1.361" classname="com.tests.NewTest5"/>
  <testcase name="testDemoWebShopLogin" time="2.773" classname="com.tests.NewTest5"/>
  <testcase name="testDemoWebShopLogin" time="2.697" classname="com.tests.NewTest5"/>
  <testcase name="testDemoWebShopLogin" time="2.443" classname="com.tests.NewTest5"/>
</testsuite> <!-- com.tests.NewTest5 -->
