<?xml version="1.0" encoding="UTF-8"?>
<!-- Generated by org.testng.reporters.JUnitReportReporter -->
<testsuite skipped="0" hostname="BDC4-L-8Y4DZM2" name="com.tests.NewTest2" tests="1" failures="0" timestamp="21 Jan 2019 09:47:43 GMT" time="53.346" errors="0">
  <testcase name="testAJAXControls" time="53.346" classname="com.tests.NewTest2"/>
</testsuite> <!-- com.tests.NewTest2 -->
