<?xml version="1.0" encoding="UTF-8"?>
<!-- Generated by org.testng.reporters.JUnitReportReporter -->
<testsuite skipped="0" hostname="BDC4-L-8Y4DZM2" name="com.tests.NewTest1" tests="1" failures="0" timestamp="21 Jan 2019 09:02:38 GMT" time="19.616" errors="0">
  <testcase name="testHDFCBankLinks" time="19.616" classname="com.tests.NewTest1"/>
</testsuite> <!-- com.tests.NewTest1 -->
