<?xml version="1.0" encoding="UTF-8"?>
<!-- Generated by org.testng.reporters.JUnitReportReporter -->
<testsuite skipped="0" hostname="BDC4-L-8Y4DZM2" name="com.tests.NewTest4" tests="1" failures="0" timestamp="22 Jan 2019 04:15:01 GMT" time="0.709" errors="0">
  <testcase name="testExcel" time="0.709" classname="com.tests.NewTest4"/>
</testsuite> <!-- com.tests.NewTest4 -->
